<?xml version="1.0" encoding="UTF-8"?>
<!-- Generated by org.testng.reporters.JUnitReportReporter -->
<testsuite hostname="DESKTOP-JCSH58D" failures="0" tests="1" name="test.RegisterTest" time="21.732" errors="0" timestamp="2024-05-17T10:38:23 IST" skipped="0">
  <testcase classname="test.RegisterTest" name="registerTest" time="21.732"/>
</testsuite> <!-- test.RegisterTest -->
